\BOOKMARK [0][-]{chapter*.1}{\376\377\000E\000s\000t\000a\000d\000\355\000s\000t\000i\000c\000a}{}% 1
\BOOKMARK [1][-]{chapter*.2}{\376\377\000C\000o\000n\000c\000e\000p\000t\000o\000s\000\040\000b\000\341\000s\000i\000c\000o\000s}{chapter*.1}% 2
\BOOKMARK [2][-]{section*.3}{\376\377\000P\000o\000b\000l\000a\000c\000i\000\363\000n}{chapter*.2}% 3
\BOOKMARK [2][-]{section*.4}{\376\377\000P\000o\000b\000l\000a\000c\000i\000\363\000n}{chapter*.2}% 4
\BOOKMARK [2][-]{section*.5}{\376\377\000V\000a\000r\000i\000a\000b\000l\000e}{chapter*.2}% 5
\BOOKMARK [1][-]{section*.6}{\376\377\000V\000a\000r\000i\000a\000b\000l\000e\000s\000\040\000e\000s\000t\000a\000d\000\355\000s\000t\000i\000c\000a\000s}{chapter*.1}% 6
\BOOKMARK [2][-]{section*.7}{\376\377\000C\000u\000a\000l\000i\000t\000a\000t\000i\000v\000a\000s\000\040\000o\000\040\000c\000a\000t\000e\000g\000\363\000r\000i\000c\000a\000s}{section*.6}% 7
\BOOKMARK [3][-]{section*.8}{\376\377\000N\000o\000m\000i\000n\000a\000l}{section*.7}% 8
\BOOKMARK [3][-]{section*.9}{\376\377\000O\000r\000d\000i\000n\000a\000l}{section*.7}% 9
\BOOKMARK [2][-]{section*.10}{\376\377\000C\000u\000a\000n\000t\000i\000t\000a\000t\000i\000v\000a\000s\000\040\000o\000\040\000n\000u\000m\000\351\000r\000i\000c\000a\000s}{section*.6}% 10
\BOOKMARK [3][-]{section*.11}{\376\377\000C\000o\000n\000t\000i\000n\000u\000a\000s}{section*.10}% 11
\BOOKMARK [3][-]{section*.12}{\376\377\000D\000i\000s\000c\000r\000e\000t\000a\000s}{section*.10}% 12
\BOOKMARK [1][-]{section*.13}{\376\377\000M\000e\000d\000i\000d\000a\000s\000\040\000d\000e\000\040\000l\000o\000c\000a\000l\000i\000z\000a\000c\000i\000\363\000n\000\040\000o\000\040\000p\000o\000s\000i\000c\000i\000\363\000n}{chapter*.1}% 13
\BOOKMARK [2][-]{section*.14}{\376\377\000M\000e\000d\000i\000a}{section*.13}% 14
\BOOKMARK [2][-]{section*.15}{\376\377\000M\000e\000d\000i\000a\000n\000a}{section*.13}% 15
\BOOKMARK [2][-]{section*.16}{\376\377\000C\000u\000a\000r\000t\000i\000l}{section*.13}% 16
\BOOKMARK [3][-]{section*.17}{\376\377\000P\000r\000i\000m\000e\000r\000\040\000c\000u\000a\000r\000t\000i\000l}{section*.16}% 17
\BOOKMARK [3][-]{section*.18}{\376\377\000T\000e\000r\000c\000e\000r\000\040\000c\000u\000a\000r\000t\000i\000l}{section*.16}% 18
\BOOKMARK [2][-]{section*.19}{\376\377\000P\000e\000r\000c\000e\000n\000t\000i\000l}{section*.13}% 19
\BOOKMARK [3][-]{section*.20}{\376\377\000S\000e\000g\000u\000n\000d\000o\000\040\000c\000u\000a\000r\000t\000i\000l}{section*.19}% 20
\BOOKMARK [3][-]{section*.21}{\376\377\000S\000e\000g\000u\000n\000d\000o\000\040\000c\000u\000a\000r\000t\000i\000l}{section*.19}% 21
\BOOKMARK [2][-]{section*.22}{\376\377\000M\000o\000d\000a}{section*.13}% 22
\BOOKMARK [1][-]{section*.23}{\376\377\000M\000e\000d\000i\000d\000a\000s\000\040\000d\000e\000\040\000v\000a\000r\000i\000a\000b\000i\000l\000i\000d\000a\000d\000\040\000o\000\040\000d\000i\000s\000p\000e\000r\000c\000i\000\363\000n}{chapter*.1}% 23
\BOOKMARK [2][-]{section*.24}{\376\377\000V\000a\000r\000i\000a\000n\000z\000a\000\040\000m\000u\000e\000s\000t\000r\000a\000l}{section*.23}% 24
\BOOKMARK [2][-]{section*.25}{\376\377\000D\000e\000s\000v\000i\000a\000c\000i\000\363\000n\000\040\000e\000s\000t\000\341\000n\000d\000a\000r}{section*.23}% 25
\BOOKMARK [1][-]{section*.26}{\376\377\000F\000r\000e\000c\000u\000e\000n\000c\000i\000a}{chapter*.1}% 26
\BOOKMARK [0][-]{section*.27}{\376\377\000P\000r\000o\000b\000a\000b\000i\000l\000i\000d\000a\000d}{}% 27
\BOOKMARK [1][-]{chapter*.28}{\376\377\000E\000s\000p\000a\000c\000i\000o\000\040\000m\000u\000e\000s\000t\000r\000a\000l\000\040}{section*.27}% 28
\BOOKMARK [1][-]{section*.29}{\376\377\000E\000v\000e\000n\000t\000o}{section*.27}% 29
\BOOKMARK [1][-]{section*.30}{\376\377\000T\000e\000o\000r\000\355\000a\000\040\000d\000e\000\040\000c\000o\000n\000j\000u\000n\000t\000o\000s}{section*.27}% 30
\BOOKMARK [2][-]{section*.31}{\376\377\000C\000o\000m\000p\000l\000e\000m\000e\000n\000t\000o}{section*.30}% 31
\BOOKMARK [2][-]{section*.32}{\376\377\000U\000n\000i\000\363\000n}{section*.30}% 32
\BOOKMARK [2][-]{section*.33}{\376\377\000I\000n\000t\000e\000r\000s\000e\000c\000c\000i\000\363\000n}{section*.30}% 33
\BOOKMARK [2][-]{section*.34}{\376\377\000E\000v\000e\000n\000t\000o\000\040\000n\000u\000l\000o}{section*.30}% 34
\BOOKMARK [1][-]{section*.35}{\376\377\000P\000r\000o\000b\000a\000b\000i\000l\000i\000d\000a\000d}{section*.27}% 35
\BOOKMARK [1][-]{section*.36}{\376\377\000A\000x\000i\000o\000m\000a\000s\000\040\000d\000e\000\040\000p\000r\000o\000b\000a\000b\000i\000l\000i\000d\000a\000d}{section*.27}% 36
\BOOKMARK [1][-]{Item.3}{\376\377\000P\000r\000o\000p\000i\000e\000d\000a\000d\000e\000s\000\040\000q\000u\000e\000\040\000s\000e\000\040\000d\000e\000d\000u\000c\000e\000n\000\040\000d\000e\000\040\000l\000o\000s\000\040\000a\000x\000i\000o\000m\000a\000s}{section*.27}% 37
