\BOOKMARK [1][-]{chapter*.1}{\376\377\000C\000a\000m\000p\000o\000\040\000e\000l\000\351\000c\000t\000r\000i\000c\000o}{}% 1
\BOOKMARK [2][-]{section*.2}{\376\377\000L\000e\000y\000\040\000d\000e\000\040\000C\000o\000u\000l\000o\000m\000b}{chapter*.1}% 2
\BOOKMARK [2][-]{section*.3}{\376\377\000C\000o\000n\000s\000t\000a\000n\000t\000e\000\040\000d\000e\000\040\000C\000o\000u\000l\000o\000m\000b}{chapter*.1}% 3
\BOOKMARK [2][-]{section*.4}{\376\377\000P\000e\000r\000m\000i\000t\000i\000v\000i\000d\000a\000d\000\040\000d\000e\000l\000\040\000v\000a\000c\000\355\000o}{chapter*.1}% 4
\BOOKMARK [2][-]{section*.5}{\376\377\000D\000e\000f\000i\000n\000i\000c\000i\000\363\000n\000\040\000d\000e\000\040\000c\000a\000m\000p\000o\000\040\000e\000l\000\351\000c\000t\000r\000i\000c\000o}{chapter*.1}% 5
\BOOKMARK [2][-]{section*.6}{\376\377\000C\000a\000m\000p\000o\000\040\000e\000l\000\351\000c\000t\000r\000i\000c\000o\000\040\000d\000e\000\040\000u\000n\000a\000\040\000c\000a\000r\000g\000a\000\040\000p\000u\000n\000t\000u\000a\000l\000\040\000q}{chapter*.1}% 6
\BOOKMARK [2][-]{section*.7}{\376\377\000C\000a\000m\000p\000o\000\040\000e\000l\000\351\000c\000t\000r\000i\000c\000o\000\040\000d\000e\000\040\000u\000n\000\040\000g\000r\000u\000p\000o\000\040\000d\000e\000\040\000c\000a\000r\000g\000a\000s}{chapter*.1}% 7
\BOOKMARK [2][-]{section*.8}{\376\377\000C\000a\000m\000p\000o\000\040\000e\000l\000\351\000c\000t\000r\000i\000c\000o\000\040\000d\000e\000\040\000u\000n\000a\000\040\000d\000i\000s\000t\000r\000i\000b\000u\000c\000i\000\363\000n\000\040\000d\000e\000\040\000c\000a\000r\000g\000a\000\040\000c\000o\000n\000t\000i\000n\000u\000a}{chapter*.1}% 8
\BOOKMARK [2][-]{section*.9}{\376\377\000A\000c\000e\000l\000e\000r\000a\000c\000i\000\363\000n\000\040\000d\000e\000\040\000u\000n\000a\000\040\000c\000a\000r\000g\000a\000\040\000e\000n\000\040\000u\000n\000\040\000c\000a\000m\000p\000o\000\040\000e\000l\000\351\000c\000t\000r\000i\000c\000o}{chapter*.1}% 9
\BOOKMARK [1][-]{section*.10}{\376\377\000L\000e\000y\000\040\000d\000e\000\040\000G\000a\000u\000s\000s}{}% 10
\BOOKMARK [2][-]{section*.11}{\376\377\000D\000e\000f\000i\000n\000i\000c\000i\000\363\000n\000\040\000d\000e\000\040\000f\000l\000u\000j\000o\000\040\000e\000l\000\351\000c\000t\000r\000i\000c\000o}{section*.10}% 11
\BOOKMARK [2][-]{section*.12}{\376\377\000F\000l\000u\000j\000o\000\040\000e\000l\000\351\000c\000t\000r\000i\000c\000o\000\040\000p\000a\000r\000a\000\040\000s\000u\000p\000e\000r\000f\000i\000c\000i\000e\000\040\000s\000e\000n\000c\000i\000l\000l\000a}{section*.10}% 12
\BOOKMARK [2][-]{section*.13}{\376\377\000L\000e\000y\000\040\000d\000e\000\040\000G\000a\000u\000s\000s}{section*.10}% 13
\BOOKMARK [1][-]{section*.14}{\376\377\000P\000o\000t\000e\000n\000c\000i\000a\000l\000\040\000e\000l\000\351\000c\000t\000r\000i\000c\000o}{}% 14
\BOOKMARK [2][-]{section*.15}{\376\377\000D\000e\000f\000i\000n\000i\000c\000i\000\363\000n\000\040\000d\000e\000\040\000p\000o\000t\000e\000n\000c\000i\000a\000l\000\040\000e\000l\000\351\000c\000t\000r\000i\000c\000o}{section*.14}% 15
\BOOKMARK [2][-]{section*.16}{\376\377\000D\000i\000f\000e\000r\000e\000n\000c\000i\000a\000\040\000d\000e\000\040\000p\000o\000t\000e\000n\000c\000i\000a\000l\000\040\000e\000n\000t\000r\000e\000\040\000A\000\040\000y\000\040\000B}{section*.14}% 16
\BOOKMARK [2][-]{section*.17}{\376\377\000D\000i\000f\000e\000r\000e\000n\000c\000i\000a\000\040\000d\000e\000\040\000p\000o\000t\000e\000n\000c\000i\000a\000l\000\040\000e\000n\000\040\000u\000n\000\040\000c\000a\000m\000p\000o\000\040\000E\000\040\000u\000n\000i\000f\000o\000r\000m\000e}{section*.14}% 17
\BOOKMARK [2][-]{section*.18}{\376\377\000P\000o\000t\000e\000n\000c\000i\000a\000l\000\040\000e\000l\000\351\000c\000t\000r\000i\000c\000o\000\040\000y\000\040\000e\000n\000e\000r\000g\000\355\000a\000\040\000p\000o\000t\000e\000n\000c\000i\000a\000l\000\040\000d\000e\000b\000i\000d\000o\000\040\000a\000\040\000u\000n\000a\000\040\000c\000a\000r\000g\000a\000\040\000p\000u\000n\000t\000u\000a\000l}{section*.14}% 18
\BOOKMARK [2][-]{section*.19}{\376\377\000R\000e\000l\000a\000c\000i\000\363\000n\000\040\000e\000n\000t\000r\000e\000\040\000E\000\040\000y\000\040\000V}{section*.14}% 19
\BOOKMARK [2][-]{section*.20}{\376\377\000P\000o\000t\000e\000n\000c\000i\000a\000l\000\040\000d\000e\000b\000i\000d\000o\000\040\000a\000\040\000u\000n\000a\000\040\000d\000i\000s\000t\000r\000i\000b\000u\000c\000i\000\363\000n\000\040\000d\000e\000\040\000c\000a\000r\000g\000a}{section*.14}% 20
\BOOKMARK [1][-]{section*.21}{\376\377\000C\000a\000p\000a\000c\000i\000t\000a\000n\000c\000i\000a\000\040\000y\000\040\000c\000a\000p\000a\000c\000i\000t\000o\000r\000e\000s}{}% 21
\BOOKMARK [2][-]{section*.22}{\376\377\000C\000a\000p\000a\000c\000i\000t\000a\000n\000c\000i\000a}{section*.21}% 22
\BOOKMARK [2][-]{section*.23}{\376\377\000C\000a\000p\000a\000c\000i\000t\000a\000n\000c\000i\000a\000\040\000d\000e\000\040\000u\000n\000a\000\040\000e\000s\000f\000e\000r\000a\000\040\000c\000a\000r\000g\000a\000d\000a\000\040\000a\000i\000s\000l\000a\000d\000a\000\040\000d\000e\000\040\000r\000a\000d\000i\000o\000\040\000R}{section*.21}% 23
\BOOKMARK [2][-]{section*.24}{\376\377\000C\000a\000p\000a\000c\000i\000t\000o\000r\000\040\000d\000e\000\040\000p\000l\000a\000c\000a\000s\000\040\000p\000a\000r\000a\000l\000e\000l\000a\000s\000\040\000s\000e\000p\000a\000r\000a\000d\000a\000s\000\040\000p\000o\000r\000\040\000d\000\040\000y\000\040\000\341\000r\000e\000a\000\040\000d\000e\000\040\000p\000l\000a\000c\000a\000s\000\040\000A}{section*.21}% 24
\BOOKMARK [2][-]{section*.25}{\376\377\000C\000a\000p\000a\000c\000i\000t\000o\000r\000\040\000c\000i\000l\000\355\000n\000d\000r\000i\000c\000o}{section*.21}% 25
\BOOKMARK [2][-]{section*.26}{\376\377\000C\000a\000p\000a\000c\000i\000t\000o\000r\000\040\000e\000s\000f\000\351\000r\000i\000c\000o}{section*.21}% 26
\BOOKMARK [2][-]{section*.27}{\376\377\000C\000o\000m\000b\000i\000n\000a\000c\000i\000\363\000n\000\040\000d\000e\000\040\000c\000a\000p\000a\000c\000i\000t\000o\000r\000e\000s}{section*.21}% 27
\BOOKMARK [2][-]{section*.28}{\376\377\000E\000n\000e\000r\000g\000\355\000a\000\040\000a\000l\000m\000a\000c\000e\000n\000a\000d\000a\000\040\000e\000n\000\040\000u\000n\000\040\000c\000a\000p\000a\000c\000i\000t\000o\000r}{section*.21}% 28
\BOOKMARK [1][-]{section*.29}{\376\377\000C\000o\000r\000r\000i\000e\000n\000t\000e\000\040\000y\000\040\000r\000e\000s\000i\000s\000t\000e\000n\000c\000i\000a}{}% 29
\BOOKMARK [2][-]{section*.30}{\376\377\000C\000o\000r\000r\000i\000e\000n\000t\000e\000\040\000e\000l\000\351\000c\000t\000r\000i\000c\000a}{section*.29}% 30
\BOOKMARK [2][-]{section*.31}{\376\377\000R\000e\000s\000i\000s\000t\000e\000n\000c\000i\000a}{section*.29}% 31
\BOOKMARK [2][-]{section*.32}{\376\377\000R\000e\000s\000i\000s\000t\000e\000n\000c\000i\000a\000\040\000d\000e\000\040\000u\000n\000\040\000c\000o\000n\000d\000u\000c\000t\000o\000r\000\040\000u\000n\000i\000f\000o\000r\000m\000e}{section*.29}% 32
\BOOKMARK [2][-]{section*.33}{\376\377\000V\000a\000r\000i\000a\000c\000i\000\363\000n\000\040\000d\000e\000\040\000l\000a\000\040\000r\000e\000s\000i\000s\000t\000i\000v\000i\000d\000a\000d\000\040\000c\000o\000n\000\040\000l\000a\000\040\000t\000e\000m\000p\000e\000r\000a\000t\000u\000r\000a}{section*.29}% 33
\BOOKMARK [2][-]{section*.34}{\376\377\000C\000o\000n\000d\000u\000c\000t\000i\000v\000i\000d\000a\000d}{section*.29}% 34
\BOOKMARK [2][-]{section*.35}{\376\377\000D\000e\000n\000s\000i\000d\000a\000d\000\040\000d\000e\000\040\000c\000o\000r\000r\000i\000e\000n\000t\000e}{section*.29}% 35
\BOOKMARK [2][-]{section*.36}{\376\377\000L\000e\000y\000\040\000d\000e\000\040\000O\000h\000m}{section*.29}% 36
\BOOKMARK [2][-]{section*.37}{\376\377\000P\000o\000t\000e\000n\000c\000i\000a}{section*.29}% 37
\BOOKMARK [1][-]{section*.38}{\376\377\000C\000i\000r\000c\000u\000i\000t\000o\000s\000\040\000d\000e\000\040\000c\000o\000r\000r\000i\000e\000n\000t\000e\000\040\000d\000i\000r\000e\000c\000t\000a}{}% 38
\BOOKMARK [2][-]{section*.39}{\376\377\000V\000o\000l\000t\000a\000j\000e\000\040\000e\000n\000t\000r\000e\000\040\000b\000o\000r\000n\000e\000s\000\040\000d\000e\000\040\000u\000n\000a\000\040\000b\000a\000t\000e\000r\000\355\000a}{section*.38}% 39
\BOOKMARK [2][-]{section*.40}{\376\377\000C\000o\000m\000b\000i\000n\000a\000c\000i\000\363\000n\000\040\000d\000e\000\040\000r\000e\000s\000i\000s\000t\000e\000n\000c\000i\000a\000s}{section*.38}% 40
\BOOKMARK [2][-]{section*.41}{\376\377\000R\000e\000g\000l\000a\000s\000\040\000d\000e\000\040\000K\000i\000r\000c\000h\000h\000o\000f\000f}{section*.38}% 41
